        -:    0:Source:dominion.c
        -:    0:Graph:dominion.gcno
        -:    0:Data:dominion.gcda
        -:    0:Runs:27
        -:    0:Programs:27
        -:    1:#include "dominion.h"
        -:    2:#include "dominion_helpers.h"
        -:    3:#include "rngs.h"
        -:    4:#include <stdio.h>
        -:    5:#include <math.h>
        -:    6:#include <stdlib.h>
        -:    7:
function compare called 3874107 returned 100% blocks executed 100%
  3874107:    8:int compare(const void* a, const void* b) {
  3874107:    9:  if (*(int*)a > *(int*)b)
branch  0 taken 51% (fallthrough)
branch  1 taken 49%
  1958582:   10:    return 1;
  1915525:   11:  if (*(int*)a < *(int*)b)
branch  0 taken 98% (fallthrough)
branch  1 taken 2%
  1869474:   12:    return -1;
    46051:   13:  return 0;
        -:   14:}
        -:   15:
function newGame called 0 returned 0% blocks executed 0%
    #####:   16:struct gameState* newGame() {
    #####:   17:  struct gameState* g = malloc(sizeof(struct gameState));
    #####:   18:  return g;
        -:   19:}
        -:   20:
function kingdomCards called 0 returned 0% blocks executed 0%
    #####:   21:int* kingdomCards(int k1, int k2, int k3, int k4, int k5, int k6, int k7,
        -:   22:		  int k8, int k9, int k10) {
    #####:   23:  int* k = malloc(10 * sizeof(int));
    #####:   24:  k[0] = k1;
    #####:   25:  k[1] = k2;
    #####:   26:  k[2] = k3;
    #####:   27:  k[3] = k4;
    #####:   28:  k[4] = k5;
    #####:   29:  k[5] = k6;
    #####:   30:  k[6] = k7;
    #####:   31:  k[7] = k8;
    #####:   32:  k[8] = k9;
    #####:   33:  k[9] = k10;
    #####:   34:  return k;
        -:   35:}
        -:   36:
function initializeGame called 2061 returned 100% blocks executed 88%
     2061:   37:int initializeGame(int numPlayers, int kingdomCards[10], int randomSeed,
        -:   38:		   struct gameState *state) {
        -:   39:
        -:   40:  int i;
        -:   41:  int j;
        -:   42:  int it;			
        -:   43:  //set up random number generator
     2061:   44:  SelectStream(1);
call    0 returned 100%
     2061:   45:  PutSeed((long)randomSeed);
call    0 returned 100%
        -:   46:  
        -:   47:  //check number of players
     2061:   48:  if (numPlayers > MAX_PLAYERS || numPlayers < 2)
branch  0 taken 100% (fallthrough)
branch  1 taken 0%
branch  2 taken 0% (fallthrough)
branch  3 taken 100%
        -:   49:    {
    #####:   50:      return -1;
        -:   51:    }
        -:   52:
        -:   53:  //set number of players
     2061:   54:  state->numPlayers = numPlayers;
        -:   55:
        -:   56:  //check selected kingdom cards are different
    22671:   57:  for (i = 0; i < 10; i++)
branch  0 taken 91%
branch  1 taken 9% (fallthrough)
        -:   58:    {
   226710:   59:      for (j = 0; j < 10; j++)
branch  0 taken 91%
branch  1 taken 9% (fallthrough)
        -:   60:        {
   206100:   61:	  if (j != i && kingdomCards[j] == kingdomCards[i])
branch  0 taken 90% (fallthrough)
branch  1 taken 10%
branch  2 taken 0% (fallthrough)
branch  3 taken 100%
        -:   62:	    {
    #####:   63:	      return -1;
        -:   64:	    }
        -:   65:        }
        -:   66:    }
        -:   67:
        -:   68:
        -:   69:  //initialize supply
        -:   70:  ///////////////////////////////
        -:   71:
        -:   72:  //set number of Curse cards
     2061:   73:  if (numPlayers == 2)
branch  0 taken 100% (fallthrough)
branch  1 taken 0%
        -:   74:    {
     2061:   75:      state->supplyCount[curse] = 10;
        -:   76:    }
    #####:   77:  else if (numPlayers == 3)
branch  0 never executed
branch  1 never executed
        -:   78:    {
    #####:   79:      state->supplyCount[curse] = 20;
        -:   80:    }
        -:   81:  else
        -:   82:    {
    #####:   83:      state->supplyCount[curse] = 30;
        -:   84:    }
        -:   85:
        -:   86:  //set number of Victory cards
     2061:   87:  if (numPlayers == 2)
branch  0 taken 100% (fallthrough)
branch  1 taken 0%
        -:   88:    {
     2061:   89:      state->supplyCount[estate] = 8;
     2061:   90:      state->supplyCount[duchy] = 8;
     2061:   91:      state->supplyCount[province] = 8;
        -:   92:    }
        -:   93:  else
        -:   94:    {
    #####:   95:      state->supplyCount[estate] = 12;
    #####:   96:      state->supplyCount[duchy] = 12;
    #####:   97:      state->supplyCount[province] = 12;
        -:   98:    }
        -:   99:
        -:  100:  //set number of Treasure cards
     2061:  101:  state->supplyCount[copper] = 60 - (7 * numPlayers);
     2061:  102:  state->supplyCount[silver] = 40;
     2061:  103:  state->supplyCount[gold] = 30;
        -:  104:
        -:  105:  //set number of Kingdom cards
    43281:  106:  for (i = adventurer; i <= treasure_map; i++)       	//loop all cards
branch  0 taken 95%
branch  1 taken 5% (fallthrough)
        -:  107:    {
   340065:  108:      for (j = 0; j < 10; j++)           		//loop chosen cards
branch  0 taken 94%
branch  1 taken 6% (fallthrough)
        -:  109:	{
   319455:  110:	  if (kingdomCards[j] == i)
branch  0 taken 6% (fallthrough)
branch  1 taken 94%
        -:  111:	    {
        -:  112:	      //check if card is a 'Victory' Kingdom card
    20610:  113:	      if (kingdomCards[j] == great_hall || kingdomCards[j] == gardens)
branch  0 taken 90% (fallthrough)
branch  1 taken 10%
branch  2 taken 11% (fallthrough)
branch  3 taken 89%
        -:  114:		{
     8244:  115:		  if (numPlayers == 2){ 
branch  0 taken 100% (fallthrough)
branch  1 taken 0%
     4122:  116:		    state->supplyCount[i] = 8; 
        -:  117:		  }
    #####:  118:		  else{ state->supplyCount[i] = 12; }
        -:  119:		}
        -:  120:	      else
        -:  121:		{
    16488:  122:		  state->supplyCount[i] = 10;
        -:  123:		}
    20610:  124:	      break;
        -:  125:	    }
        -:  126:	  else    //card is not in the set choosen for the game
        -:  127:	    {
   298845:  128:	      state->supplyCount[i] = -1;
        -:  129:	    }
        -:  130:	}
        -:  131:
        -:  132:    }
        -:  133:
        -:  134:  ////////////////////////
        -:  135:  //supply intilization complete
        -:  136:
        -:  137:  //set player decks
     6183:  138:  for (i = 0; i < numPlayers; i++)
branch  0 taken 67%
branch  1 taken 33% (fallthrough)
        -:  139:    {
     4122:  140:      state->deckCount[i] = 0;
    16488:  141:      for (j = 0; j < 3; j++)
branch  0 taken 75%
branch  1 taken 25% (fallthrough)
        -:  142:	{
    12366:  143:	  state->deck[i][j] = estate;
    12366:  144:	  state->deckCount[i]++;
        -:  145:	}
    32976:  146:      for (j = 3; j < 10; j++)
branch  0 taken 88%
branch  1 taken 13% (fallthrough)
        -:  147:	{
    28854:  148:	  state->deck[i][j] = copper;
    28854:  149:	  state->deckCount[i]++;		
        -:  150:	}
        -:  151:    }
        -:  152:
        -:  153:  //shuffle player decks
     6183:  154:  for (i = 0; i < numPlayers; i++)
branch  0 taken 67%
branch  1 taken 33% (fallthrough)
        -:  155:    {
     4122:  156:      if ( shuffle(i, state) < 0 )
call    0 returned 100%
branch  1 taken 0% (fallthrough)
branch  2 taken 100%
        -:  157:	{
    #####:  158:	  return -1;
        -:  159:	}
        -:  160:    }
        -:  161:
        -:  162:  //draw player hands
     6183:  163:  for (i = 0; i < numPlayers; i++)
branch  0 taken 67%
branch  1 taken 33% (fallthrough)
        -:  164:    {  
        -:  165:      //initialize hand size to zero
     4122:  166:      state->handCount[i] = 0;
     4122:  167:      state->discardCount[i] = 0;
        -:  168:      //draw 5 cards
        -:  169:      // for (j = 0; j < 5; j++)
        -:  170:      //	{
        -:  171:      //	  drawCard(i, state);
        -:  172:      //	}
        -:  173:    }
        -:  174:  
        -:  175:  //set embargo tokens to 0 for all supply piles
    57708:  176:  for (i = 0; i <= treasure_map; i++)
branch  0 taken 96%
branch  1 taken 4% (fallthrough)
        -:  177:    {
    55647:  178:      state->embargoTokens[i] = 0;
        -:  179:    }
        -:  180:
        -:  181:  //initialize first player's turn
     2061:  182:  state->outpostPlayed = 0;
     2061:  183:  state->phase = 0;
     2061:  184:  state->numActions = 1;
     2061:  185:  state->numBuys = 1;
     2061:  186:  state->playedCardCount = 0;
     2061:  187:  state->whoseTurn = 0;
     2061:  188:  state->handCount[state->whoseTurn] = 0;
        -:  189:  //int it; move to top
        -:  190:
        -:  191:  //Moved draw cards to here, only drawing at the start of a turn
    12366:  192:  for (it = 0; it < 5; it++){
branch  0 taken 83%
branch  1 taken 17% (fallthrough)
    10305:  193:    drawCard(state->whoseTurn, state);
call    0 returned 100%
        -:  194:  }
        -:  195:
     2061:  196:  updateCoins(state->whoseTurn, state, 0);
call    0 returned 100%
        -:  197:
     2061:  198:  return 0;
        -:  199:}
        -:  200:
function shuffle called 24653 returned 100% blocks executed 100%
    24653:  201:int shuffle(int player, struct gameState *state) {
        -:  202: 
        -:  203:
        -:  204:  int newDeck[MAX_DECK];
    24653:  205:  int newDeckPos = 0;
        -:  206:  int card;
        -:  207:  int i;
        -:  208:
    24653:  209:  if (state->deckCount[player] < 1)
branch  0 taken 62% (fallthrough)
branch  1 taken 38%
    15251:  210:    return -1;
     9402:  211:  qsort ((void*)(state->deck[player]), state->deckCount[player], sizeof(int), compare); 
call    0 returned 100%
        -:  212:  /* SORT CARDS IN DECK TO ENSURE DETERMINISM! */
        -:  213:
   694492:  214:  while (state->deckCount[player] > 0) {
branch  0 taken 99%
branch  1 taken 1% (fallthrough)
   675688:  215:    card = floor(Random() * state->deckCount[player]);
call    0 returned 100%
   675688:  216:    newDeck[newDeckPos] = state->deck[player][card];
   675688:  217:    newDeckPos++;
 27213049:  218:    for (i = card; i < state->deckCount[player]-1; i++) {
branch  0 taken 98%
branch  1 taken 2% (fallthrough)
 26537361:  219:      state->deck[player][i] = state->deck[player][i+1];
        -:  220:    }
   675688:  221:    state->deckCount[player]--;
        -:  222:  }
   685090:  223:  for (i = 0; i < newDeckPos; i++) {
branch  0 taken 99%
branch  1 taken 1% (fallthrough)
   675688:  224:    state->deck[player][i] = newDeck[i];
   675688:  225:    state->deckCount[player]++;
        -:  226:  }
        -:  227:
     9402:  228:  return 0;
        -:  229:}
        -:  230:
function playCard called 0 returned 0% blocks executed 0%
    #####:  231:int playCard(int handPos, int choice1, int choice2, int choice3, struct gameState *state) 
        -:  232:{	
        -:  233:  int card;
    #####:  234:  int coin_bonus = 0; 		//tracks coins gain from actions
        -:  235:
        -:  236:  //check if it is the right phase
    #####:  237:  if (state->phase != 0)
branch  0 never executed
branch  1 never executed
        -:  238:    {
    #####:  239:      return -1;
        -:  240:    }
        -:  241:	
        -:  242:  //check if player has enough actions
    #####:  243:  if ( state->numActions < 1 )
branch  0 never executed
branch  1 never executed
        -:  244:    {
    #####:  245:      return -1;
        -:  246:    }
        -:  247:	
        -:  248:  //get card played
    #####:  249:  card = handCard(handPos, state);
call    0 never executed
        -:  250:	
        -:  251:  //check if selected card is an action
    #####:  252:  if ( card < adventurer || card > treasure_map )
branch  0 never executed
branch  1 never executed
branch  2 never executed
branch  3 never executed
        -:  253:    {
    #####:  254:      return -1;
        -:  255:    }
        -:  256:	
        -:  257:  //play card
    #####:  258:  if ( cardEffect(card, choice1, choice2, choice3, state, handPos, &coin_bonus) < 0 )
call    0 never executed
branch  1 never executed
branch  2 never executed
        -:  259:    {
    #####:  260:      return -1;
        -:  261:    }
        -:  262:	
        -:  263:  //reduce number of actions
    #####:  264:  state->numActions--;
        -:  265:
        -:  266:  //update coins (Treasure cards may be added with card draws)
    #####:  267:  updateCoins(state->whoseTurn, state, coin_bonus);
call    0 never executed
        -:  268:	
    #####:  269:  return 0;
        -:  270:}
        -:  271:
function buyCard called 0 returned 0% blocks executed 0%
    #####:  272:int buyCard(int supplyPos, struct gameState *state) {
        -:  273:  int who;
        -:  274:  if (DEBUG){
        -:  275:    printf("Entering buyCard...\n");
        -:  276:  }
        -:  277:
        -:  278:  // I don't know what to do about the phase thing.
        -:  279:
    #####:  280:  who = state->whoseTurn;
        -:  281:
    #####:  282:  if (state->numBuys < 1){
branch  0 never executed
branch  1 never executed
        -:  283:    if (DEBUG)
        -:  284:      printf("You do not have any buys left\n");
    #####:  285:    return -1;
    #####:  286:  } else if (supplyCount(supplyPos, state) <1){
call    0 never executed
branch  1 never executed
branch  2 never executed
        -:  287:    if (DEBUG)
        -:  288:      printf("There are not any of that type of card left\n");
    #####:  289:    return -1;
    #####:  290:  } else if (state->coins < getCost(supplyPos)){
call    0 never executed
branch  1 never executed
branch  2 never executed
        -:  291:    if (DEBUG) 
        -:  292:      printf("You do not have enough money to buy that. You have %d coins.\n", state->coins);
    #####:  293:    return -1;
        -:  294:  } else {
    #####:  295:    state->phase=1;
        -:  296:    //state->supplyCount[supplyPos]--;
    #####:  297:    gainCard(supplyPos, state, 0, who); //card goes in discard, this might be wrong.. (2 means goes into hand, 0 goes into discard)
call    0 never executed
        -:  298:  
    #####:  299:    state->coins = (state->coins) - (getCost(supplyPos));
call    0 never executed
    #####:  300:    state->numBuys--;
        -:  301:    if (DEBUG)
        -:  302:      printf("You bought card number %d for %d coins. You now have %d buys and %d coins.\n", supplyPos, getCost(supplyPos), state->numBuys, state->coins);
        -:  303:  }
        -:  304:
        -:  305:  //state->discard[who][state->discardCount[who]] = supplyPos;
        -:  306:  //state->discardCount[who]++;
        -:  307:    
    #####:  308:  return 0;
        -:  309:}
        -:  310:
function numHandCards called 60 returned 100% blocks executed 100%
       60:  311:int numHandCards(struct gameState *state) {
       60:  312:  return state->handCount[ whoseTurn(state) ];
call    0 returned 100%
        -:  313:}
        -:  314:
function handCard called 0 returned 0% blocks executed 0%
    #####:  315:int handCard(int handPos, struct gameState *state) {
    #####:  316:  int currentPlayer = whoseTurn(state);
call    0 never executed
    #####:  317:  return state->hand[currentPlayer][handPos];
        -:  318:}
        -:  319:
function supplyCount called 0 returned 0% blocks executed 0%
    #####:  320:int supplyCount(int card, struct gameState *state) {
    #####:  321:  return state->supplyCount[card];
        -:  322:}
        -:  323:
function fullDeckCount called 3900 returned 100% blocks executed 82%
     3900:  324:int fullDeckCount(int player, int card, struct gameState *state) {
        -:  325:  int i;
     3900:  326:  int count = 0;
        -:  327:
    12450:  328:  for (i = 0; i < state->deckCount[player]; i++)
branch  0 taken 69%
branch  1 taken 31% (fallthrough)
        -:  329:    {
     8550:  330:      if (state->deck[player][i] == card) count++;
branch  0 taken 0% (fallthrough)
branch  1 taken 100%
        -:  331:    }
        -:  332:
    13200:  333:  for (i = 0; i < state->handCount[player]; i++)
branch  0 taken 70%
branch  1 taken 30% (fallthrough)
        -:  334:    {
     9300:  335:      if (state->hand[player][i] == card) count++;
branch  0 taken 0% (fallthrough)
branch  1 taken 100%
        -:  336:    }
        -:  337:
    13950:  338:  for (i = 0; i < state->discardCount[player]; i++)
branch  0 taken 72%
branch  1 taken 28% (fallthrough)
        -:  339:    {
    10050:  340:      if (state->discard[player][i] == card) count++;
branch  0 taken 0% (fallthrough)
branch  1 taken 100%
        -:  341:    }
        -:  342:
     3900:  343:  return count;
        -:  344:}
        -:  345:
function whoseTurn called 23080 returned 100% blocks executed 100%
    23080:  346:int whoseTurn(struct gameState *state) {
    23080:  347:  return state->whoseTurn;
        -:  348:}
        -:  349:
function endTurn called 0 returned 0% blocks executed 0%
    #####:  350:int endTurn(struct gameState *state) {
        -:  351:  int k;
        -:  352:  int i;
    #####:  353:  int currentPlayer = whoseTurn(state);
call    0 never executed
        -:  354:  
        -:  355:  //Discard hand
    #####:  356:  for (i = 0; i < state->handCount[currentPlayer]; i++){
branch  0 never executed
branch  1 never executed
    #####:  357:    state->discard[currentPlayer][state->discardCount[currentPlayer]++] = state->hand[currentPlayer][i];//Discard
    #####:  358:    state->hand[currentPlayer][i] = -1;//Set card to -1
        -:  359:  }
    #####:  360:  state->handCount[currentPlayer] = 0;//Reset hand count
        -:  361:    
        -:  362:  //Code for determining the player
    #####:  363:  if (currentPlayer < (state->numPlayers - 1)){ 
branch  0 never executed
branch  1 never executed
    #####:  364:    state->whoseTurn = currentPlayer + 1;//Still safe to increment
        -:  365:  }
        -:  366:  else{
    #####:  367:    state->whoseTurn = 0;//Max player has been reached, loop back around to player 1
        -:  368:  }
        -:  369:
    #####:  370:  state->outpostPlayed = 0;
    #####:  371:  state->phase = 0;
    #####:  372:  state->numActions = 1;
    #####:  373:  state->coins = 0;
    #####:  374:  state->numBuys = 1;
    #####:  375:  state->playedCardCount = 0;
    #####:  376:  state->handCount[state->whoseTurn] = 0;
        -:  377:
        -:  378:  //int k; move to top
        -:  379:  //Next player draws hand
    #####:  380:  for (k = 0; k < 5; k++){
branch  0 never executed
branch  1 never executed
    #####:  381:    drawCard(state->whoseTurn, state);//Draw a card
call    0 never executed
        -:  382:  }
        -:  383:
        -:  384:  //Update money
    #####:  385:  updateCoins(state->whoseTurn, state , 0);
call    0 never executed
        -:  386:
    #####:  387:  return 0;
        -:  388:}
        -:  389:
function isGameOver called 825 returned 100% blocks executed 100%
      825:  390:int isGameOver(struct gameState *state) {
        -:  391:  int i;
        -:  392:  int j;
        -:  393:	
        -:  394:  //if stack of Province cards is empty, the game ends
      825:  395:  if (state->supplyCount[province] == 0)
branch  0 taken 85% (fallthrough)
branch  1 taken 15%
        -:  396:    {
      705:  397:      return 1;
        -:  398:    }
        -:  399:
        -:  400:  //if three supply pile are at 0, the game ends
      120:  401:  j = 0;
     3120:  402:  for (i = 0; i < 25; i++)
branch  0 taken 96%
branch  1 taken 4% (fallthrough)
        -:  403:    {
     3000:  404:      if (state->supplyCount[i] == 0)
branch  0 taken 6% (fallthrough)
branch  1 taken 94%
        -:  405:	{
      180:  406:	  j++;
        -:  407:	}
        -:  408:    }
      120:  409:  if ( j >= 3)
branch  0 taken 25% (fallthrough)
branch  1 taken 75%
        -:  410:    {
       30:  411:      return 1;
        -:  412:    }
        -:  413:
       90:  414:  return 0;
        -:  415:}
        -:  416:
function scoreFor called 4500 returned 100% blocks executed 100%
     4500:  417:int scoreFor (int player, struct gameState *state) {
        -:  418:
        -:  419:  int i;
     4500:  420:  int score = 0;
        -:  421:  //score from hand
    13500:  422:  for (i = 0; i < state->handCount[player]; i++)
branch  0 taken 67%
branch  1 taken 33% (fallthrough)
        -:  423:    {
     9000:  424:      if (state->hand[player][i] == curse) { score = score - 1; };
branch  0 taken 17% (fallthrough)
branch  1 taken 83%
     9000:  425:      if (state->hand[player][i] == estate) { score = score + 1; };
branch  0 taken 17% (fallthrough)
branch  1 taken 83%
     9000:  426:      if (state->hand[player][i] == duchy) { score = score + 3; };
branch  0 taken 17% (fallthrough)
branch  1 taken 83%
     9000:  427:      if (state->hand[player][i] == province) { score = score + 6; };
branch  0 taken 17% (fallthrough)
branch  1 taken 83%
     9000:  428:      if (state->hand[player][i] == great_hall) { score = score + 1; };
branch  0 taken 17% (fallthrough)
branch  1 taken 83%
     9000:  429:      if (state->hand[player][i] == gardens) { score = score + ( fullDeckCount(player, 0, state) / 10 ); };
branch  0 taken 17% (fallthrough)
branch  1 taken 83%
call    2 returned 100%
        -:  430:    }
        -:  431:
        -:  432:  //score from discard
    13500:  433:  for (i = 0; i < state->discardCount[player]; i++)
branch  0 taken 67%
branch  1 taken 33% (fallthrough)
        -:  434:    {
     9000:  435:      if (state->discard[player][i] == curse) { score = score - 1; };
branch  0 taken 17% (fallthrough)
branch  1 taken 83%
     9000:  436:      if (state->discard[player][i] == estate) { score = score + 1; };
branch  0 taken 17% (fallthrough)
branch  1 taken 83%
     9000:  437:      if (state->discard[player][i] == duchy) { score = score + 3; };
branch  0 taken 17% (fallthrough)
branch  1 taken 83%
     9000:  438:      if (state->discard[player][i] == province) { score = score + 6; };
branch  0 taken 17% (fallthrough)
branch  1 taken 83%
     9000:  439:      if (state->discard[player][i] == great_hall) { score = score + 1; };
branch  0 taken 17% (fallthrough)
branch  1 taken 83%
     9000:  440:      if (state->discard[player][i] == gardens) { score = score + ( fullDeckCount(player, 0, state) / 10 ); };
branch  0 taken 17% (fallthrough)
branch  1 taken 83%
call    2 returned 100%
        -:  441:    }
        -:  442:
        -:  443:  //score from deck
    13500:  444:  for (i = 0; i < state->discardCount[player]; i++)
branch  0 taken 67%
branch  1 taken 33% (fallthrough)
        -:  445:    {
     9000:  446:      if (state->deck[player][i] == curse) { score = score - 1; };
branch  0 taken 10% (fallthrough)
branch  1 taken 90%
     9000:  447:      if (state->deck[player][i] == estate) { score = score + 1; };
branch  0 taken 26% (fallthrough)
branch  1 taken 74%
     9000:  448:      if (state->deck[player][i] == duchy) { score = score + 3; };
branch  0 taken 10% (fallthrough)
branch  1 taken 90%
     9000:  449:      if (state->deck[player][i] == province) { score = score + 6; };
branch  0 taken 10% (fallthrough)
branch  1 taken 90%
     9000:  450:      if (state->deck[player][i] == great_hall) { score = score + 1; };
branch  0 taken 10% (fallthrough)
branch  1 taken 90%
     9000:  451:      if (state->deck[player][i] == gardens) { score = score + ( fullDeckCount(player, 0, state) / 10 ); };
branch  0 taken 10% (fallthrough)
branch  1 taken 90%
call    2 returned 100%
        -:  452:    }
        -:  453:
     4500:  454:  return score;
        -:  455:}
        -:  456:
function getWinners called 0 returned 0% blocks executed 0%
    #####:  457:int getWinners(int players[MAX_PLAYERS], struct gameState *state) {
        -:  458:  int i;	
        -:  459:  int j;
        -:  460:  int highScore;
        -:  461:  int currentPlayer;
        -:  462:
        -:  463:  //get score for each player
    #####:  464:  for (i = 0; i < MAX_PLAYERS; i++)
branch  0 never executed
branch  1 never executed
        -:  465:    {
        -:  466:      //set unused player scores to -9999
    #####:  467:      if (i >= state->numPlayers)
branch  0 never executed
branch  1 never executed
        -:  468:	{
    #####:  469:	  players[i] = -9999;
        -:  470:	}
        -:  471:      else
        -:  472:	{
    #####:  473:	  players[i] = scoreFor (i, state);
call    0 never executed
        -:  474:	}
        -:  475:    }
        -:  476:
        -:  477:  //find highest score
    #####:  478:  j = 0;
    #####:  479:  for (i = 0; i < MAX_PLAYERS; i++)
branch  0 never executed
branch  1 never executed
        -:  480:    {
    #####:  481:      if (players[i] > players[j])
branch  0 never executed
branch  1 never executed
        -:  482:	{
    #####:  483:	  j = i;
        -:  484:	}
        -:  485:    }
    #####:  486:  highScore = players[j];
        -:  487:
        -:  488:  //add 1 to players who had less turns
    #####:  489:  currentPlayer = whoseTurn(state);
call    0 never executed
    #####:  490:  for (i = 0; i < MAX_PLAYERS; i++)
branch  0 never executed
branch  1 never executed
        -:  491:    {
    #####:  492:      if ( players[i] == highScore && i > currentPlayer )
branch  0 never executed
branch  1 never executed
branch  2 never executed
branch  3 never executed
        -:  493:	{
    #####:  494:	  players[i]++;
        -:  495:	}
        -:  496:    }
        -:  497:
        -:  498:  //find new highest score
    #####:  499:  j = 0;
    #####:  500:  for (i = 0; i < MAX_PLAYERS; i++)
branch  0 never executed
branch  1 never executed
        -:  501:    {
    #####:  502:      if ( players[i] > players[j] )
branch  0 never executed
branch  1 never executed
        -:  503:	{
    #####:  504:	  j = i;
        -:  505:	}
        -:  506:    }
    #####:  507:  highScore = players[j];
        -:  508:
        -:  509:  //set winners in array to 1 and rest to 0
    #####:  510:  for (i = 0; i < MAX_PLAYERS; i++)
branch  0 never executed
branch  1 never executed
        -:  511:    {
    #####:  512:      if ( players[i] == highScore )
branch  0 never executed
branch  1 never executed
        -:  513:	{
    #####:  514:	  players[i] = 1;
        -:  515:	}
        -:  516:      else
        -:  517:	{
    #####:  518:	  players[i] = 0;
        -:  519:	}
        -:  520:    }
        -:  521:
    #####:  522:  return 0;
        -:  523:}
        -:  524:
function drawCard called 1274539 returned 100% blocks executed 100%
  1274539:  525:int drawCard(int player, struct gameState *state)
        -:  526:{	int count;
        -:  527:  int deckCounter;
  1274539:  528:  if (state->deckCount[player] <= 0){//Deck is empty
branch  0 taken 1% (fallthrough)
branch  1 taken 99%
        -:  529:    
        -:  530:    //Step 1 Shuffle the discard pile back into a deck
        -:  531:    int i;
        -:  532:    //Move discard to deck
   644750:  533:    for (i = 0; i < state->discardCount[player];i++){
branch  0 taken 98%
branch  1 taken 2% (fallthrough)
   634468:  534:      state->deck[player][i] = state->discard[player][i];
   634468:  535:      state->discard[player][i] = -1;
        -:  536:    }
        -:  537:
    10282:  538:    state->deckCount[player] = state->discardCount[player];
    10282:  539:    state->discardCount[player] = 0;//Reset discard
        -:  540:
        -:  541:    //Shufffle the deck
    10282:  542:    shuffle(player, state);//Shuffle the deck up and make it so that we can draw
call    0 returned 100%
        -:  543:   
        -:  544:    if (DEBUG){//Debug statements
        -:  545:      printf("Deck count now: %d\n", state->deckCount[player]);
        -:  546:    }
        -:  547:    
    10282:  548:    state->discardCount[player] = 0;
        -:  549:
        -:  550:    //Step 2 Draw Card
    10282:  551:    count = state->handCount[player];//Get current player's hand count
        -:  552:    
        -:  553:    if (DEBUG){//Debug statements
        -:  554:      printf("Current hand count: %d\n", count);
        -:  555:    }
        -:  556:    
    10282:  557:    deckCounter = state->deckCount[player];//Create a holder for the deck count
        -:  558:
    10282:  559:    if (deckCounter == 0)
branch  0 taken 49% (fallthrough)
branch  1 taken 51%
     5002:  560:      return -1;
        -:  561:
     5280:  562:    state->hand[player][count] = state->deck[player][deckCounter - 1];//Add card to hand
     5280:  563:    state->deckCount[player]--;
     5280:  564:    state->handCount[player]++;//Increment hand count
        -:  565:  }
        -:  566:
        -:  567:  else{
  1264257:  568:    int count = state->handCount[player];//Get current hand count for player
        -:  569:    int deckCounter;
        -:  570:    if (DEBUG){//Debug statements
        -:  571:      printf("Current hand count: %d\n", count);
        -:  572:    }
        -:  573:
  1264257:  574:    deckCounter = state->deckCount[player];//Create holder for the deck count
  1264257:  575:    state->hand[player][count] = state->deck[player][deckCounter - 1];//Add card to the hand
  1264257:  576:    state->deckCount[player]--;
  1264257:  577:    state->handCount[player]++;//Increment hand count
        -:  578:  }
        -:  579:
  1269537:  580:  return 0;
        -:  581:}
        -:  582:
function getCost called 0 returned 0% blocks executed 0%
    #####:  583:int getCost(int cardNumber)
        -:  584:{
    #####:  585:  switch( cardNumber ) 
branch  0 never executed
branch  1 never executed
branch  2 never executed
branch  3 never executed
branch  4 never executed
branch  5 never executed
branch  6 never executed
branch  7 never executed
branch  8 never executed
branch  9 never executed
branch 10 never executed
branch 11 never executed
branch 12 never executed
branch 13 never executed
branch 14 never executed
branch 15 never executed
branch 16 never executed
branch 17 never executed
branch 18 never executed
branch 19 never executed
branch 20 never executed
branch 21 never executed
branch 22 never executed
branch 23 never executed
branch 24 never executed
branch 25 never executed
branch 26 never executed
branch 27 never executed
        -:  586:    {
        -:  587:    case curse:
    #####:  588:      return 0;
        -:  589:    case estate:
    #####:  590:      return 2;
        -:  591:    case duchy:
    #####:  592:      return 5;
        -:  593:    case province:
    #####:  594:      return 8;
        -:  595:    case copper:
    #####:  596:      return 0;
        -:  597:    case silver:
    #####:  598:      return 3;
        -:  599:    case gold:
    #####:  600:      return 6;
        -:  601:    case adventurer:
    #####:  602:      return 6;
        -:  603:    case council_room:
    #####:  604:      return 5;
        -:  605:    case feast:
    #####:  606:      return 4;
        -:  607:    case gardens:
    #####:  608:      return 4;
        -:  609:    case mine:
    #####:  610:      return 5;
        -:  611:    case remodel:
    #####:  612:      return 4;
        -:  613:    case smithy:
    #####:  614:      return 4;
        -:  615:    case village:
    #####:  616:      return 3;
        -:  617:    case baron:
    #####:  618:      return 4;
        -:  619:    case great_hall:
    #####:  620:      return 3;
        -:  621:    case minion:
    #####:  622:      return 5;
        -:  623:    case steward:
    #####:  624:      return 3;
        -:  625:    case tribute:
    #####:  626:      return 5;
        -:  627:    case ambassador:
    #####:  628:      return 3;
        -:  629:    case cutpurse:
    #####:  630:      return 4;
        -:  631:    case embargo: 
    #####:  632:      return 2;
        -:  633:    case outpost:
    #####:  634:      return 5;
        -:  635:    case salvager:
    #####:  636:      return 4;
        -:  637:    case sea_hag:
    #####:  638:      return 4;
        -:  639:    case treasure_map:
    #####:  640:      return 4;
        -:  641:    }
        -:  642:	
    #####:  643:  return -1;
        -:  644:}
        -:  645:
        -:  646://Broken out function for adventurer card
        -:  647://Includes bug for Assignment 2: while loop sig should be (drawntreasure<2)
function adventurerEffect called 5450 returned 100% blocks executed 100%
     5450:  648:void adventurerEffect(int card, int choice1, int choice2, int choice3, struct gameState *state, int handPos, int *bonus)
        -:  649:{
        -:  650:
     5450:  651:  int drawntreasure = 0;
        -:  652:  int temphand[MAX_HAND];
        -:  653:  int cardDrawn;
     5450:  654:  int z = 0;
     5450:  655:  int currentPlayer = whoseTurn(state);
call    0 returned 100%
        -:  656:
  1267014:  657:  while(drawntreasure<=2){
branch  0 taken 99%
branch  1 taken 1% (fallthrough)
  1256114:  658:	if (state->deckCount[currentPlayer] <1){//if the deck is empty we need to shuffle discard and add to deck
branch  0 taken 1% (fallthrough)
branch  1 taken 99%
    10249:  659:	  shuffle(currentPlayer, state);
call    0 returned 100%
        -:  660:	}
  1256114:  661:	drawCard(currentPlayer, state);
call    0 returned 100%
  1256114:  662:	cardDrawn = state->hand[currentPlayer][state->handCount[currentPlayer]-1];//top card of hand is most recently drawn card.
  1256114:  663:	if (cardDrawn == copper || cardDrawn == silver || cardDrawn == gold)
branch  0 taken 99% (fallthrough)
branch  1 taken 1%
branch  2 taken 99% (fallthrough)
branch  3 taken 1%
branch  4 taken 1% (fallthrough)
branch  5 taken 99%
    16350:  664:	  drawntreasure++;
        -:  665:	else{
  1239764:  666:	  temphand[z]=cardDrawn;
  1239764:  667:	  state->handCount[currentPlayer]--; //this should just remove the top card (the most recently drawn one).
  1239764:  668:	  z++;
        -:  669:	}
        -:  670:      }
  1250664:  671:      while(z-1>=0){
branch  0 taken 99%
branch  1 taken 1% (fallthrough)
  1239764:  672:	state->discard[currentPlayer][state->discardCount[currentPlayer]++]=temphand[z-1]; // discard all cards in play that have been drawn
  1239764:  673:	z=z-1;
        -:  674:      }
     5450:  675:}
        -:  676:
        -:  677://Broken out funciton for smithy card
        -:  678://Includes bug for Assignment 2: for loop sig should read (i = 0; i < 3; i++) 
        -:  679://NOTE: this bug is fixed for assignment 4 for useful test checking
function smithyEffect called 2024 returned 100% blocks executed 100%
     2024:  680:void smithyEffect(int card, int choice1, int choice2, int choice3, struct gameState *state, int handPos, int *bonus)
        -:  681:{
        -:  682:  int i;
     2024:  683:  int currentPlayer = whoseTurn(state);
call    0 returned 100%
        -:  684:
        -:  685:  //+3 Cards
     8096:  686:      for (i = 0; i < 3; i++)
branch  0 taken 75%
branch  1 taken 25% (fallthrough)
        -:  687:	{
     6072:  688:	  drawCard(currentPlayer, state);
call    0 returned 100%
        -:  689:	}
        -:  690:			
        -:  691:      //discard card from hand
     2024:  692:      discardCard(handPos, currentPlayer, state, 0);
call    0 returned 100%
     2024:  693:}
        -:  694:
        -:  695://Broken out function for great hall card
function greathallEffect called 2000 returned 100% blocks executed 100%
     2000:  696:void greathallEffect(int card, int choice1, int choice2, int choice3, struct gameState *state, int handPos, int *bonus)
        -:  697:{
        -:  698:
     2000:  699:   int currentPlayer = whoseTurn(state);
call    0 returned 100%
        -:  700:
        -:  701: //+1 Card
     2000:  702:   drawCard(currentPlayer, state);
call    0 returned 100%
        -:  703:			
        -:  704: //+1 Actions
     2000:  705:   state->numActions++;
        -:  706:			
        -:  707: //discard card from hand
     2000:  708:   discardCard(handPos, currentPlayer, state, 0);
call    0 returned 100%
     2000:  709:}
        -:  710:
        -:  711://Broken out function for steward card
        -:  712://Includes bug for Assignment 2: choice 2 should be state-> coins + 2
function stewardEffect called 0 returned 0% blocks executed 0%
    #####:  713:void stewardEffect(int card, int choice1, int choice2, int choice3, struct gameState *state, int handPos, int *bonus)
        -:  714:{
        -:  715:
    #####:  716:      int currentPlayer = whoseTurn(state);
call    0 never executed
        -:  717:
    #####:  718:      if (choice1 == 1)
branch  0 never executed
branch  1 never executed
        -:  719:	{
        -:  720:	  //+2 cards
    #####:  721:	  drawCard(currentPlayer, state);
call    0 never executed
    #####:  722:	  drawCard(currentPlayer, state);
call    0 never executed
        -:  723:	}
    #####:  724:      else if (choice1 == 2)
branch  0 never executed
branch  1 never executed
        -:  725:	{
        -:  726:	  //+2 coins
    #####:  727:	  state->coins = state->coins + 3;
        -:  728:	}
        -:  729:      else
        -:  730:	{
        -:  731:	  //trash 2 cards in hand
    #####:  732:	  discardCard(choice2, currentPlayer, state, 1);
call    0 never executed
    #####:  733:	  discardCard(choice3, currentPlayer, state, 1);
call    0 never executed
        -:  734:	}
        -:  735:			
        -:  736:      //discard card from hand
    #####:  737:      discardCard(handPos, currentPlayer, state, 0);
call    0 never executed
    #####:  738:}
        -:  739:
        -:  740://Broken out function for embargo card
        -:  741://Includes bug for Assignment 2: first statement should be state->coins + 2
        -:  742://NOTE: this bug is fixed for assignment 4 for useful test checking
function embargoEffect called 0 returned 0% blocks executed 0%
    #####:  743:void embargoEffect(int card, int choice1, int choice2, int choice3, struct gameState *state, int handPos, int *bonus)
        -:  744:{
        -:  745:
    #####:  746:      int currentPlayer = whoseTurn(state);
call    0 never executed
        -:  747:
        -:  748://+2 Coins
    #####:  749:      state->coins = state->coins + 2;
        -:  750:			
        -:  751:      //see if selected pile is in play
    #####:  752:      if ( state->supplyCount[choice1] == -1 )
        -:  753:	{
        -:  754:	  //commented out currently to
        -:  755:	  //avoid a compiler warning as this refactored function has no return value
        -:  756:	  //return -1;
        -:  757:	}
        -:  758:			
        -:  759:      //add embargo token to selected supply pile
    #####:  760:      state->embargoTokens[choice1]++;
        -:  761:			
        -:  762:      //trash card
    #####:  763:      discardCard(handPos, currentPlayer, state, 1);
call    0 never executed
    #####:  764:}
        -:  765:
function cardEffect called 9546 returned 100% blocks executed 7%
     9546:  766:int cardEffect(int card, int choice1, int choice2, int choice3, struct gameState *state, int handPos, int *bonus)
        -:  767:{
        -:  768:  int i;
        -:  769:  int j;
        -:  770:  int k;
        -:  771:  int x;
        -:  772:  int index;
     9546:  773:  int currentPlayer = whoseTurn(state);
call    0 returned 100%
     9546:  774:  int nextPlayer = currentPlayer + 1;
        -:  775:
     9546:  776:  int tributeRevealedCards[2] = {-1, -1};
        -:  777:  int temphand[MAX_HAND];// moved above the if statement
        -:  778:  //int drawntreasure=0;
        -:  779:  //int cardDrawn;
        -:  780:  //int z = 0;// this is the counter for the temp hand
     9546:  781:  if (nextPlayer > (state->numPlayers - 1)){
branch  0 taken 50% (fallthrough)
branch  1 taken 50%
     4781:  782:    nextPlayer = 0;
        -:  783:  }
        -:  784:  
        -:  785:	
        -:  786:  //uses switch to select card and perform actions
     9546:  787:  switch( card ) 
branch  0 taken 57%
branch  1 taken 0%
branch  2 taken 0%
branch  3 taken 0%
branch  4 taken 0%
branch  5 taken 0%
branch  6 taken 21%
branch  7 taken 1%
branch  8 taken 0%
branch  9 taken 21%
branch 10 taken 0%
branch 11 taken 0%
branch 12 taken 0%
branch 13 taken 0%
branch 14 taken 0%
branch 15 taken 0%
branch 16 taken 1%
branch 17 taken 0%
branch 18 taken 0%
branch 19 taken 0%
branch 20 taken 0%
        -:  788:    {
        -:  789:    case adventurer:
        -:  790:      /*while(drawntreasure<2){
        -:  791:	if (state->deckCount[currentPlayer] <1){//if the deck is empty we need to shuffle discard and add to deck
        -:  792:	  shuffle(currentPlayer, state);
        -:  793:	}
        -:  794:	drawCard(currentPlayer, state);
        -:  795:	cardDrawn = state->hand[currentPlayer][state->handCount[currentPlayer]-1];//top card of hand is most recently drawn card.
        -:  796:	if (cardDrawn == copper || cardDrawn == silver || cardDrawn == gold)
        -:  797:	  drawntreasure++;
        -:  798:	else{
        -:  799:	  temphand[z]=cardDrawn;
        -:  800:	  state->handCount[currentPlayer]--; //this should just remove the top card (the most recently drawn one).
        -:  801:	  z++;
        -:  802:	}
        -:  803:      }
        -:  804:      while(z-1>=0){
        -:  805:	state->discard[currentPlayer][state->discardCount[currentPlayer]++]=temphand[z-1]; // discard all cards in play that have been drawn
        -:  806:	z=z-1;
        -:  807:      }*/
        -:  808:      //Above code commented out for Refactor of Assignment 2
        -:  809:      //call separate function for effect of adventurer card
     5450:  810:      adventurerEffect(card, choice1, choice2, choice3, state, handPos, bonus);
call    0 returned 100%
     5450:  811:      return 0;
        -:  812:			
        -:  813:    case council_room:
        -:  814:      //+4 Cards
    #####:  815:      for (i = 0; i < 4; i++)
branch  0 never executed
branch  1 never executed
        -:  816:	{
    #####:  817:	  drawCard(currentPlayer, state);
call    0 never executed
        -:  818:	}
        -:  819:			
        -:  820:      //+1 Buy
    #####:  821:      state->numBuys++;
        -:  822:			
        -:  823:      //Each other player draws a card
    #####:  824:      for (i = 0; i < state->numPlayers; i++)
branch  0 never executed
branch  1 never executed
        -:  825:	{
    #####:  826:	  if ( i != currentPlayer )
branch  0 never executed
branch  1 never executed
        -:  827:	    {
    #####:  828:	      drawCard(i, state);
call    0 never executed
        -:  829:	    }
        -:  830:	}
        -:  831:			
        -:  832:      //put played card in played card pile
    #####:  833:      discardCard(handPos, currentPlayer, state, 0);
call    0 never executed
        -:  834:			
    #####:  835:      return 0;
        -:  836:			
        -:  837:    case feast:
        -:  838:      //gain card with cost up to 5
        -:  839:      //Backup hand
    #####:  840:      for (i = 0; i <= state->handCount[currentPlayer]; i++){
branch  0 never executed
branch  1 never executed
    #####:  841:	temphand[i] = state->hand[currentPlayer][i];//Backup card
    #####:  842:	state->hand[currentPlayer][i] = -1;//Set to nothing
        -:  843:      }
        -:  844:      //Backup hand
        -:  845:
        -:  846:      //Update Coins for Buy
    #####:  847:      updateCoins(currentPlayer, state, 5);
call    0 never executed
    #####:  848:      x = 1;//Condition to loop on
    #####:  849:      while( x == 1) {//Buy one card
branch  0 never executed
branch  1 never executed
    #####:  850:	if (supplyCount(choice1, state) <= 0){
call    0 never executed
branch  1 never executed
branch  2 never executed
        -:  851:	  if (DEBUG)
        -:  852:	    printf("None of that card left, sorry!\n");
        -:  853:
        -:  854:	  if (DEBUG){
        -:  855:	    printf("Cards Left: %d\n", supplyCount(choice1, state));
        -:  856:	  }
        -:  857:	}
    #####:  858:	else if (state->coins < getCost(choice1)){
call    0 never executed
branch  1 never executed
branch  2 never executed
    #####:  859:	  printf("That card is too expensive!\n");
call    0 never executed
        -:  860:
        -:  861:	  if (DEBUG){
        -:  862:	    printf("Coins: %d < %d\n", state->coins, getCost(choice1));
        -:  863:	  }
        -:  864:	}
        -:  865:	else{
        -:  866:
        -:  867:	  if (DEBUG){
        -:  868:	    printf("Deck Count: %d\n", state->handCount[currentPlayer] + state->deckCount[currentPlayer] + state->discardCount[currentPlayer]);
        -:  869:	  }
        -:  870:
    #####:  871:	  gainCard(choice1, state, 0, currentPlayer);//Gain the card
call    0 never executed
    #####:  872:	  x = 0;//No more buying cards
        -:  873:
        -:  874:	  if (DEBUG){
        -:  875:	    printf("Deck Count: %d\n", state->handCount[currentPlayer] + state->deckCount[currentPlayer] + state->discardCount[currentPlayer]);
        -:  876:	  }
        -:  877:
        -:  878:	}
        -:  879:      }     
        -:  880:
        -:  881:      //Reset Hand
    #####:  882:      for (i = 0; i <= state->handCount[currentPlayer]; i++){
branch  0 never executed
branch  1 never executed
    #####:  883:	state->hand[currentPlayer][i] = temphand[i];
    #####:  884:	temphand[i] = -1;
        -:  885:      }
        -:  886:      //Reset Hand
        -:  887:      			
    #####:  888:      return 0;
        -:  889:			
        -:  890:    case gardens:
    #####:  891:      return -1;
        -:  892:			
        -:  893:    case mine:
    #####:  894:      j = state->hand[currentPlayer][choice1];  //store card we will trash
        -:  895:
    #####:  896:      if (state->hand[currentPlayer][choice1] < copper || state->hand[currentPlayer][choice1] > gold)
branch  0 never executed
branch  1 never executed
branch  2 never executed
branch  3 never executed
        -:  897:	{
    #####:  898:	  return -1;
        -:  899:	}
        -:  900:		
    #####:  901:      if (choice2 > treasure_map || choice2 < curse)
branch  0 never executed
branch  1 never executed
branch  2 never executed
branch  3 never executed
        -:  902:	{
    #####:  903:	  return -1;
        -:  904:	}
        -:  905:
    #####:  906:      if ( (getCost(state->hand[currentPlayer][choice1]) + 3) > getCost(choice2) )
call    0 never executed
call    1 never executed
branch  2 never executed
branch  3 never executed
        -:  907:	{
    #####:  908:	  return -1;
        -:  909:	}
        -:  910:
    #####:  911:      gainCard(choice2, state, 2, currentPlayer);
call    0 never executed
        -:  912:
        -:  913:      //discard card from hand
    #####:  914:      discardCard(handPos, currentPlayer, state, 0);
call    0 never executed
        -:  915:
        -:  916:      //discard trashed card
    #####:  917:      for (i = 0; i < state->handCount[currentPlayer]; i++)
branch  0 never executed
branch  1 never executed
        -:  918:	{
    #####:  919:	  if (state->hand[currentPlayer][i] == j)
branch  0 never executed
branch  1 never executed
        -:  920:	    {
    #####:  921:	      discardCard(i, currentPlayer, state, 0);			
call    0 never executed
    #####:  922:	      break;
        -:  923:	    }
        -:  924:	}
        -:  925:			
    #####:  926:      return 0;
        -:  927:			
        -:  928:    case remodel:
    #####:  929:      j = state->hand[currentPlayer][choice1];  //store card we will trash
        -:  930:
    #####:  931:      if ( (getCost(state->hand[currentPlayer][choice1]) + 2) > getCost(choice2) )
call    0 never executed
call    1 never executed
branch  2 never executed
branch  3 never executed
        -:  932:	{
    #####:  933:	  return -1;
        -:  934:	}
        -:  935:
    #####:  936:      gainCard(choice2, state, 0, currentPlayer);
call    0 never executed
        -:  937:
        -:  938:      //discard card from hand
    #####:  939:      discardCard(handPos, currentPlayer, state, 0);
call    0 never executed
        -:  940:
        -:  941:      //discard trashed card
    #####:  942:      for (i = 0; i < state->handCount[currentPlayer]; i++)
branch  0 never executed
branch  1 never executed
        -:  943:	{
    #####:  944:	  if (state->hand[currentPlayer][i] == j)
branch  0 never executed
branch  1 never executed
        -:  945:	    {
    #####:  946:	      discardCard(i, currentPlayer, state, 0);			
call    0 never executed
    #####:  947:	      break;
        -:  948:	    }
        -:  949:	}
        -:  950:
        -:  951:
    #####:  952:      return 0;
        -:  953:		
        -:  954:    case smithy:
        -:  955:      /*
        -:  956:      //+3 Cards
        -:  957:      for (i = 0; i < 3; i++)
        -:  958:	{
        -:  959:	  drawCard(currentPlayer, state);
        -:  960:	}
        -:  961:			
        -:  962:      //discard card from hand
        -:  963:      discardCard(handPos, currentPlayer, state, 0);
        -:  964:      */
        -:  965:      //Above code commented out for Refactor of Assignment 2
        -:  966:      //call separate function for smithy card
     2024:  967:      smithyEffect(card, choice1, choice2, choice3, state, handPos, bonus);
call    0 returned 100%
     2024:  968:      return 0;
        -:  969:		
        -:  970:    case village:
        -:  971:      //+1 Card
       48:  972:      drawCard(currentPlayer, state);
call    0 returned 100%
        -:  973:			
        -:  974:      //+2 Actions
       48:  975:      state->numActions = state->numActions + 2;
        -:  976:			
        -:  977:      //discard played card from hand
       48:  978:      discardCard(handPos, currentPlayer, state, 0);
call    0 returned 100%
       48:  979:      return 0;
        -:  980:		
        -:  981:    case baron:
    #####:  982:      state->numBuys++;//Increase buys by 1!
    #####:  983:      if (choice1 > 0){//Boolean true or going to discard an estate
branch  0 never executed
branch  1 never executed
    #####:  984:	int p = 0;//Iterator for hand!
    #####:  985:	int card_not_discarded = 1;//Flag for discard set!
    #####:  986:	while(card_not_discarded){
branch  0 never executed
branch  1 never executed
    #####:  987:	  if (state->hand[currentPlayer][p] == estate){//Found an estate card!
branch  0 never executed
branch  1 never executed
    #####:  988:	    state->coins += 4;//Add 4 coins to the amount of coins
    #####:  989:	    state->discard[currentPlayer][state->discardCount[currentPlayer]] = state->hand[currentPlayer][p];
    #####:  990:	    state->discardCount[currentPlayer]++;
    #####:  991:	    for (;p < state->handCount[currentPlayer]; p++){
branch  0 never executed
branch  1 never executed
    #####:  992:	      state->hand[currentPlayer][p] = state->hand[currentPlayer][p+1];
        -:  993:	    }
    #####:  994:	    state->hand[currentPlayer][state->handCount[currentPlayer]] = -1;
    #####:  995:	    state->handCount[currentPlayer]--;
    #####:  996:	    card_not_discarded = 0;//Exit the loop
        -:  997:	  }
    #####:  998:	  else if (p > state->handCount[currentPlayer]){
branch  0 never executed
branch  1 never executed
        -:  999:	    if(DEBUG) {
        -: 1000:	      printf("No estate cards in your hand, invalid choice\n");
        -: 1001:	      printf("Must gain an estate if there are any\n");
        -: 1002:	    }
    #####: 1003:	    if (supplyCount(estate, state) > 0){
call    0 never executed
branch  1 never executed
branch  2 never executed
    #####: 1004:	      gainCard(estate, state, 0, currentPlayer);
call    0 never executed
    #####: 1005:	      state->supplyCount[estate]--;//Decrement estates
    #####: 1006:	      if (supplyCount(estate, state) == 0){
call    0 never executed
branch  1 never executed
branch  2 never executed
    #####: 1007:		isGameOver(state);
call    0 never executed
        -: 1008:	      }
        -: 1009:	    }
    #####: 1010:	    card_not_discarded = 0;//Exit the loop
        -: 1011:	  }
        -: 1012:			    
        -: 1013:	  else{
    #####: 1014:	    p++;//Next card
        -: 1015:	  }
        -: 1016:	}
        -: 1017:      }
        -: 1018:			    
        -: 1019:      else{
    #####: 1020:	if (supplyCount(estate, state) > 0){
call    0 never executed
branch  1 never executed
branch  2 never executed
    #####: 1021:	  gainCard(estate, state, 0, currentPlayer);//Gain an estate
call    0 never executed
    #####: 1022:	  state->supplyCount[estate]--;//Decrement Estates
    #####: 1023:	  if (supplyCount(estate, state) == 0){
call    0 never executed
branch  1 never executed
branch  2 never executed
    #####: 1024:	    isGameOver(state);
call    0 never executed
        -: 1025:	  }
        -: 1026:	}
        -: 1027:      }
        -: 1028:	    
        -: 1029:      
    #####: 1030:      return 0;
        -: 1031:		
        -: 1032:    case great_hall:
        -: 1033:      /*
        -: 1034:      //+1 Card
        -: 1035:      drawCard(currentPlayer, state);
        -: 1036:			
        -: 1037:      //+1 Actions
        -: 1038:      state->numActions++;
        -: 1039:			
        -: 1040:      //discard card from hand
        -: 1041:      discardCard(handPos, currentPlayer, state, 0);
        -: 1042:      */
        -: 1043:      //call separate function for great hall card
        -: 1044:      //Above code commented out for Refactor of Assignment 2
     2000: 1045:      greathallEffect(card, choice1, choice2, choice3, state, handPos, bonus);
call    0 returned 100%
     2000: 1046:      return 0;
        -: 1047:		
        -: 1048:    case minion:
        -: 1049:      //+1 action
    #####: 1050:      state->numActions++;
        -: 1051:			
        -: 1052:      //discard card from hand
    #####: 1053:      discardCard(handPos, currentPlayer, state, 0);
call    0 never executed
        -: 1054:			
    #####: 1055:      if (choice1)		//+2 coins
branch  0 never executed
branch  1 never executed
        -: 1056:	{
    #####: 1057:	  state->coins = state->coins + 2;
        -: 1058:	}
        -: 1059:			
    #####: 1060:      else if (choice2)		//discard hand, redraw 4, other players with 5+ cards discard hand and draw 4
branch  0 never executed
branch  1 never executed
        -: 1061:	{
        -: 1062:	  //discard hand
    #####: 1063:	  while(numHandCards(state) > 0)
call    0 never executed
branch  1 never executed
branch  2 never executed
        -: 1064:	    {
    #####: 1065:	      discardCard(handPos, currentPlayer, state, 0);
call    0 never executed
        -: 1066:	    }
        -: 1067:				
        -: 1068:	  //draw 4
    #####: 1069:	  for (i = 0; i < 4; i++)
branch  0 never executed
branch  1 never executed
        -: 1070:	    {
    #####: 1071:	      drawCard(currentPlayer, state);
call    0 never executed
        -: 1072:	    }
        -: 1073:				
        -: 1074:	  //other players discard hand and redraw if hand size > 4
    #####: 1075:	  for (i = 0; i < state->numPlayers; i++)
branch  0 never executed
branch  1 never executed
        -: 1076:	    {
    #####: 1077:	      if (i != currentPlayer)
branch  0 never executed
branch  1 never executed
        -: 1078:		{
    #####: 1079:		  if ( state->handCount[i] > 4 )
branch  0 never executed
branch  1 never executed
        -: 1080:		    {
        -: 1081:		      //discard hand
    #####: 1082:		      while( state->handCount[i] > 0 )
branch  0 never executed
branch  1 never executed
        -: 1083:			{
    #####: 1084:			  discardCard(handPos, i, state, 0);
call    0 never executed
        -: 1085:			}
        -: 1086:							
        -: 1087:		      //draw 4
    #####: 1088:		      for (j = 0; j < 4; j++)
branch  0 never executed
branch  1 never executed
        -: 1089:			{
    #####: 1090:			  drawCard(i, state);
call    0 never executed
        -: 1091:			}
        -: 1092:		    }
        -: 1093:		}
        -: 1094:	    }
        -: 1095:				
        -: 1096:	}
    #####: 1097:      return 0;
        -: 1098:		
        -: 1099:    case steward:
        -: 1100:      /*
        -: 1101:      if (choice1 == 1)
        -: 1102:	{
        -: 1103:	  //+2 cards
        -: 1104:	  drawCard(currentPlayer, state);
        -: 1105:	  drawCard(currentPlayer, state);
        -: 1106:	}
        -: 1107:      else if (choice1 == 2)
        -: 1108:	{
        -: 1109:	  //+2 coins
        -: 1110:	  state->coins = state->coins + 2;
        -: 1111:	}
        -: 1112:      else
        -: 1113:	{
        -: 1114:	  //trash 2 cards in hand
        -: 1115:	  discardCard(choice2, currentPlayer, state, 1);
        -: 1116:	  discardCard(choice3, currentPlayer, state, 1);
        -: 1117:	}
        -: 1118:			
        -: 1119:      //discard card from hand
        -: 1120:      discardCard(handPos, currentPlayer, state, 0);
        -: 1121:      //call separate function for effect of adventurer card
        -: 1122:      */
        -: 1123:      //Above code commented out for Refactor of Assignment 2
    #####: 1124:      stewardEffect(card, choice1, choice2, choice3, state, handPos, bonus);
call    0 never executed
    #####: 1125:      return 0;
        -: 1126:		
        -: 1127:    case tribute:
    #####: 1128:      if ((state->discardCount[nextPlayer] + state->deckCount[nextPlayer]) <= 1){
branch  0 never executed
branch  1 never executed
    #####: 1129:	if (state->deckCount[nextPlayer] > 0){
branch  0 never executed
branch  1 never executed
    #####: 1130:	  tributeRevealedCards[0] = state->deck[nextPlayer][state->deckCount[nextPlayer]-1];
    #####: 1131:	  state->deckCount[nextPlayer]--;
        -: 1132:	}
    #####: 1133:	else if (state->discardCount[nextPlayer] > 0){
branch  0 never executed
branch  1 never executed
    #####: 1134:	  tributeRevealedCards[0] = state->discard[nextPlayer][state->discardCount[nextPlayer]-1];
    #####: 1135:	  state->discardCount[nextPlayer]--;
        -: 1136:	}
        -: 1137:	else{
        -: 1138:	  //No Card to Reveal
        -: 1139:	  if (DEBUG){
        -: 1140:	    printf("No cards to reveal\n");
        -: 1141:	  }
        -: 1142:	}
        -: 1143:      }
        -: 1144:	    
        -: 1145:      else{
    #####: 1146:	if (state->deckCount[nextPlayer] == 0){
branch  0 never executed
branch  1 never executed
    #####: 1147:	  for (i = 0; i < state->discardCount[nextPlayer]; i++){
branch  0 never executed
branch  1 never executed
    #####: 1148:	    state->deck[nextPlayer][i] = state->discard[nextPlayer][i];//Move to deck
    #####: 1149:	    state->deckCount[nextPlayer]++;
    #####: 1150:	    state->discard[nextPlayer][i] = -1;
    #####: 1151:	    state->discardCount[nextPlayer]--;
        -: 1152:	  }
        -: 1153:			    
    #####: 1154:	  shuffle(nextPlayer,state);//Shuffle the deck
call    0 never executed
        -: 1155:	} 
    #####: 1156:	tributeRevealedCards[0] = state->deck[nextPlayer][state->deckCount[nextPlayer]-1];
    #####: 1157:	state->deck[nextPlayer][state->deckCount[nextPlayer]--] = -1;
    #####: 1158:	state->deckCount[nextPlayer]--;
    #####: 1159:	tributeRevealedCards[1] = state->deck[nextPlayer][state->deckCount[nextPlayer]-1];
    #####: 1160:	state->deck[nextPlayer][state->deckCount[nextPlayer]--] = -1;
    #####: 1161:	state->deckCount[nextPlayer]--;
        -: 1162:      }    
        -: 1163:		       
    #####: 1164:      if (tributeRevealedCards[0] == tributeRevealedCards[1]){//If we have a duplicate card, just drop one 
branch  0 never executed
branch  1 never executed
    #####: 1165:	state->playedCards[state->playedCardCount] = tributeRevealedCards[1];
    #####: 1166:	state->playedCardCount++;
    #####: 1167:	tributeRevealedCards[1] = -1;
        -: 1168:      }
        -: 1169:
    #####: 1170:      for (i = 0; i <= 2; i ++){
branch  0 never executed
branch  1 never executed
    #####: 1171:	if (tributeRevealedCards[i] == copper || tributeRevealedCards[i] == silver || tributeRevealedCards[i] == gold){//Treasure cards
branch  0 never executed
branch  1 never executed
branch  2 never executed
branch  3 never executed
branch  4 never executed
branch  5 never executed
    #####: 1172:	  state->coins += 2;
        -: 1173:	}
        -: 1174:		    
    #####: 1175:	else if (tributeRevealedCards[i] == estate || tributeRevealedCards[i] == duchy || tributeRevealedCards[i] == province || tributeRevealedCards[i] == gardens || tributeRevealedCards[i] == great_hall){//Victory Card Found
branch  0 never executed
branch  1 never executed
branch  2 never executed
branch  3 never executed
branch  4 never executed
branch  5 never executed
branch  6 never executed
branch  7 never executed
branch  8 never executed
branch  9 never executed
    #####: 1176:	  drawCard(currentPlayer, state);
call    0 never executed
    #####: 1177:	  drawCard(currentPlayer, state);
call    0 never executed
        -: 1178:	}
        -: 1179:	else{//Action Card
    #####: 1180:	  state->numActions = state->numActions + 2;
        -: 1181:	}
        -: 1182:      }
        -: 1183:	    
    #####: 1184:      return 0;
        -: 1185:		
        -: 1186:    case ambassador:
    #####: 1187:      j = 0;		//used to check if player has enough cards to discard
        -: 1188:
    #####: 1189:      if (choice2 > 2 || choice2 < 0)
branch  0 never executed
branch  1 never executed
branch  2 never executed
branch  3 never executed
        -: 1190:	{
    #####: 1191:	  return -1;				
        -: 1192:	}
        -: 1193:
    #####: 1194:      if (choice1 == handPos)
branch  0 never executed
branch  1 never executed
        -: 1195:	{
    #####: 1196:	  return -1;
        -: 1197:	}
        -: 1198:
    #####: 1199:      for (i = 0; i < state->handCount[currentPlayer]; i++)
branch  0 never executed
branch  1 never executed
        -: 1200:	{
    #####: 1201:	  if (i != handPos && i == state->hand[currentPlayer][choice1] && i != choice1)
branch  0 never executed
branch  1 never executed
branch  2 never executed
branch  3 never executed
branch  4 never executed
branch  5 never executed
        -: 1202:	    {
    #####: 1203:	      j++;
        -: 1204:	    }
        -: 1205:	}
    #####: 1206:      if (j < choice2)
branch  0 never executed
branch  1 never executed
        -: 1207:	{
    #####: 1208:	  return -1;				
        -: 1209:	}
        -: 1210:
        -: 1211:      if (DEBUG) 
        -: 1212:	printf("Player %d reveals card number: %d\n", currentPlayer, state->hand[currentPlayer][choice1]);
        -: 1213:
        -: 1214:      //increase supply count for choosen card by amount being discarded
    #####: 1215:      state->supplyCount[state->hand[currentPlayer][choice1]] += choice2;
        -: 1216:			
        -: 1217:      //each other player gains a copy of revealed card
    #####: 1218:      for (i = 0; i < state->numPlayers; i++)
branch  0 never executed
branch  1 never executed
        -: 1219:	{
    #####: 1220:	  if (i != currentPlayer)
branch  0 never executed
branch  1 never executed
        -: 1221:	    {
    #####: 1222:	      gainCard(state->hand[currentPlayer][choice1], state, 0, i);
call    0 never executed
        -: 1223:	    }
        -: 1224:	}
        -: 1225:
        -: 1226:      //discard played card from hand
    #####: 1227:      discardCard(handPos, currentPlayer, state, 0);			
call    0 never executed
        -: 1228:
        -: 1229:      //trash copies of cards returned to supply
    #####: 1230:      for (j = 0; j < choice2; j++)
branch  0 never executed
branch  1 never executed
        -: 1231:	{
    #####: 1232:	  for (i = 0; i < state->handCount[currentPlayer]; i++)
branch  0 never executed
branch  1 never executed
        -: 1233:	    {
    #####: 1234:	      if (state->hand[currentPlayer][i] == state->hand[currentPlayer][choice1])
branch  0 never executed
branch  1 never executed
        -: 1235:		{
    #####: 1236:		  discardCard(i, currentPlayer, state, 1);
call    0 never executed
    #####: 1237:		  break;
        -: 1238:		}
        -: 1239:	    }
        -: 1240:	}			
        -: 1241:
    #####: 1242:      return 0;
        -: 1243:		
        -: 1244:    case cutpurse:
        -: 1245:
    #####: 1246:      updateCoins(currentPlayer, state, 2);
call    0 never executed
    #####: 1247:      for (i = 0; i < state->numPlayers; i++)
branch  0 never executed
branch  1 never executed
        -: 1248:	{
    #####: 1249:	  if (i != currentPlayer)
branch  0 never executed
branch  1 never executed
        -: 1250:	    {
    #####: 1251:	      for (j = 0; j < state->handCount[i]; j++)
branch  0 never executed
branch  1 never executed
        -: 1252:		{
    #####: 1253:		  if (state->hand[i][j] == copper)
branch  0 never executed
branch  1 never executed
        -: 1254:		    {
    #####: 1255:		      discardCard(j, i, state, 0);
call    0 never executed
    #####: 1256:		      break;
        -: 1257:		    }
    #####: 1258:		  if (j == state->handCount[i])
branch  0 never executed
branch  1 never executed
        -: 1259:		    {
    #####: 1260:		      for (k = 0; k < state->handCount[i]; k++)
branch  0 never executed
branch  1 never executed
        -: 1261:			{
        -: 1262:			  if (DEBUG)
        -: 1263:			    printf("Player %d reveals card number %d\n", i, state->hand[i][k]);
        -: 1264:			}	
    #####: 1265:		      break;
        -: 1266:		    }		
        -: 1267:		}
        -: 1268:					
        -: 1269:	    }
        -: 1270:				
        -: 1271:	}				
        -: 1272:
        -: 1273:      //discard played card from hand
    #####: 1274:      discardCard(handPos, currentPlayer, state, 0);			
call    0 never executed
        -: 1275:
    #####: 1276:      return 0;
        -: 1277:
        -: 1278:		
        -: 1279:    case embargo:
        -: 1280:      /* 
        -: 1281:      //+2 Coins
        -: 1282:      state->coins = state->coins + 2;
        -: 1283:			
        -: 1284:      //see if selected pile is in play
        -: 1285:      if ( state->supplyCount[choice1] == -1 )
        -: 1286:	{
        -: 1287:	  return -1;
        -: 1288:	}
        -: 1289:			
        -: 1290:      //add embargo token to selected supply pile
        -: 1291:      state->embargoTokens[choice1]++;
        -: 1292:			
        -: 1293:      //trash card
        -: 1294:      discardCard(handPos, currentPlayer, state, 1);
        -: 1295:      */		
        -: 1296:      //Above code commented out for Refactor of Assignment 2
        -: 1297:      //call separate function for effect of adventurer card
    #####: 1298:      embargoEffect(card, choice1, choice2, choice3, state, handPos, bonus);
call    0 never executed
    #####: 1299:      return 0;
        -: 1300:		
        -: 1301:    case outpost:
        -: 1302:      //set outpost flag
       24: 1303:      state->outpostPlayed++;
        -: 1304:			
        -: 1305:      //discard card
       24: 1306:      discardCard(handPos, currentPlayer, state, 0);
call    0 returned 100%
       24: 1307:      return 0;
        -: 1308:		
        -: 1309:    case salvager:
        -: 1310:      //+1 buy
    #####: 1311:      state->numBuys++;
        -: 1312:			
    #####: 1313:      if (choice1)
branch  0 never executed
branch  1 never executed
        -: 1314:	{
        -: 1315:	  //gain coins equal to trashed card
    #####: 1316:	  state->coins = state->coins + getCost( handCard(choice1, state) );
call    0 never executed
call    1 never executed
        -: 1317:	  //trash card
    #####: 1318:	  discardCard(choice1, currentPlayer, state, 1);	
call    0 never executed
        -: 1319:	}
        -: 1320:			
        -: 1321:      //discard card
    #####: 1322:      discardCard(handPos, currentPlayer, state, 0);
call    0 never executed
    #####: 1323:      return 0;
        -: 1324:		
        -: 1325:    case sea_hag:
    #####: 1326:      for (i = 0; i < state->numPlayers; i++){
branch  0 never executed
branch  1 never executed
    #####: 1327:	if (i != currentPlayer){
branch  0 never executed
branch  1 never executed
    #####: 1328:	  state->discard[i][state->discardCount[i]] = state->deck[i][state->deckCount[i]--];			    state->deckCount[i]--;
    #####: 1329:	  state->discardCount[i]++;
    #####: 1330:	  state->deck[i][state->deckCount[i]--] = curse;//Top card now a curse
        -: 1331:	}
        -: 1332:      }
    #####: 1333:      return 0;
        -: 1334:		
        -: 1335:    case treasure_map:
        -: 1336:      //search hand for another treasure_map
    #####: 1337:      index = -1;
    #####: 1338:      for (i = 0; i < state->handCount[currentPlayer]; i++)
branch  0 never executed
branch  1 never executed
        -: 1339:	{
    #####: 1340:	  if (state->hand[currentPlayer][i] == treasure_map && i != handPos)
branch  0 never executed
branch  1 never executed
branch  2 never executed
branch  3 never executed
        -: 1341:	    {
    #####: 1342:	      index = i;
    #####: 1343:	      break;
        -: 1344:	    }
        -: 1345:	}
    #####: 1346:      if (index > -1)
branch  0 never executed
branch  1 never executed
        -: 1347:	{
        -: 1348:	  //trash both treasure cards
    #####: 1349:	  discardCard(handPos, currentPlayer, state, 1);
call    0 never executed
    #####: 1350:	  discardCard(index, currentPlayer, state, 1);
call    0 never executed
        -: 1351:
        -: 1352:	  //gain 4 Gold cards
    #####: 1353:	  for (i = 0; i < 4; i++)
branch  0 never executed
branch  1 never executed
        -: 1354:	    {
    #####: 1355:	      gainCard(gold, state, 1, currentPlayer);
call    0 never executed
        -: 1356:	    }
        -: 1357:				
        -: 1358:	  //return success
    #####: 1359:	  return 1;
        -: 1360:	}
        -: 1361:			
        -: 1362:      //no second treasure_map found in hand
    #####: 1363:      return -1;
        -: 1364:    }
        -: 1365:	
    #####: 1366:  return -1;
        -: 1367:}
        -: 1368:
function discardCard called 4276 returned 100% blocks executed 89%
     4276: 1369:int discardCard(int handPos, int currentPlayer, struct gameState *state, int trashFlag)
        -: 1370:{
        -: 1371:	
        -: 1372:  //if card is not trashed, added to Played pile 
     4276: 1373:  if (trashFlag < 1)
branch  0 taken 98% (fallthrough)
branch  1 taken 2%
        -: 1374:    {
        -: 1375:      //add card to played pile
     4186: 1376:      state->playedCards[state->playedCardCount] = state->hand[currentPlayer][handPos]; 
     4186: 1377:      state->playedCardCount++;
        -: 1378:    }
        -: 1379:	
        -: 1380:  //set played card to -1
     4276: 1381:  state->hand[currentPlayer][handPos] = -1;
        -: 1382:	
        -: 1383:  //remove card from player's hand
     4276: 1384:  if ( handPos == (state->handCount[currentPlayer] - 1) ) 	//last card in hand array is played
branch  0 taken 2% (fallthrough)
branch  1 taken 98%
        -: 1385:    {
        -: 1386:      //reduce number of cards in hand
       84: 1387:      state->handCount[currentPlayer]--;
        -: 1388:    }
     4192: 1389:  else if ( state->handCount[currentPlayer] == 1 ) //only one card in hand
branch  0 taken 0% (fallthrough)
branch  1 taken 100%
        -: 1390:    {
        -: 1391:      //reduce number of cards in hand
    #####: 1392:      state->handCount[currentPlayer]--;
        -: 1393:    }
        -: 1394:  else 	
        -: 1395:    {
        -: 1396:      //replace discarded card with last card in hand
     4192: 1397:      state->hand[currentPlayer][handPos] = state->hand[currentPlayer][ (state->handCount[currentPlayer] - 1)];
        -: 1398:      //set last card to -1
     4192: 1399:      state->hand[currentPlayer][state->handCount[currentPlayer] - 1] = -1;
        -: 1400:      //reduce number of cards in hand
     4192: 1401:      state->handCount[currentPlayer]--;
        -: 1402:    }
        -: 1403:	
     4276: 1404:  return 0;
        -: 1405:}
        -: 1406:
function gainCard called 0 returned 0% blocks executed 0%
    #####: 1407:int gainCard(int supplyPos, struct gameState *state, int toFlag, int player)
        -: 1408:{
        -: 1409:  //Note: supplyPos is enum of choosen card
        -: 1410:	
        -: 1411:  //check if supply pile is empty (0) or card is not used in game (-1)
    #####: 1412:  if ( supplyCount(supplyPos, state) < 1 )
call    0 never executed
branch  1 never executed
branch  2 never executed
        -: 1413:    {
    #####: 1414:      return -1;
        -: 1415:    }
        -: 1416:	
        -: 1417:  //added card for [whoseTurn] current player:
        -: 1418:  // toFlag = 0 : add to discard
        -: 1419:  // toFlag = 1 : add to deck
        -: 1420:  // toFlag = 2 : add to hand
        -: 1421:
    #####: 1422:  if (toFlag == 1)
branch  0 never executed
branch  1 never executed
        -: 1423:    {
    #####: 1424:      state->deck[ player ][ state->deckCount[player] ] = supplyPos;
    #####: 1425:      state->deckCount[player]++;
        -: 1426:    }
    #####: 1427:  else if (toFlag == 2)
branch  0 never executed
branch  1 never executed
        -: 1428:    {
    #####: 1429:      state->hand[ player ][ state->handCount[player] ] = supplyPos;
    #####: 1430:      state->handCount[player]++;
        -: 1431:    }
        -: 1432:  else
        -: 1433:    {
    #####: 1434:      state->discard[player][ state->discardCount[player] ] = supplyPos;
    #####: 1435:      state->discardCount[player]++;
        -: 1436:    }
        -: 1437:	
        -: 1438:  //decrease number in supply pile
    #####: 1439:  state->supplyCount[supplyPos]--;
        -: 1440:	 
    #####: 1441:  return 0;
        -: 1442:}
        -: 1443:
function updateCoins called 2511 returned 100% blocks executed 100%
     2511: 1444:int updateCoins(int player, struct gameState *state, int bonus)
        -: 1445:{
        -: 1446:  int i;
        -: 1447:	
        -: 1448:  //reset coin count
     2511: 1449:  state->coins = 0;
        -: 1450:
        -: 1451:  //add coins for each Treasure card in player's hand
    15066: 1452:  for (i = 0; i < state->handCount[player]; i++)
branch  0 taken 83%
branch  1 taken 17% (fallthrough)
        -: 1453:    {
    12555: 1454:      if (state->hand[player][i] == copper)
branch  0 taken 69% (fallthrough)
branch  1 taken 31%
        -: 1455:	{
     8694: 1456:	  state->coins += 1;
        -: 1457:	}
     3861: 1458:      else if (state->hand[player][i] == silver)
branch  0 taken 12% (fallthrough)
branch  1 taken 88%
        -: 1459:	{
      450: 1460:	  state->coins += 2;
        -: 1461:	}
     3411: 1462:      else if (state->hand[player][i] == gold)
branch  0 taken 13% (fallthrough)
branch  1 taken 87%
        -: 1463:	{
      450: 1464:	  state->coins += 3;
        -: 1465:	}	
        -: 1466:    }	
        -: 1467:
        -: 1468:  //add bonus
     2511: 1469:  state->coins += bonus;
        -: 1470:
     2511: 1471:  return 0;
        -: 1472:}
        -: 1473:
        -: 1474:
        -: 1475://end of dominion.c
        -: 1476:
